<?xml version="1.0" encoding="UTF-8"?>
<!-- Generated by org.testng.reporters.JUnitReportReporter -->
<testsuite hostname="LAPTOP-DAPHEM15" failures="0" tests="1" name="com.nykaa.testCases.TC_Fragrance" time="14.705" errors="0" timestamp="2020-10-23T04:10:49 IST" skipped="0">
  <testcase classname="com.nykaa.testCases.TC_Fragrance" name="Fragrance" time="14.705"/>
  <system-out/>
</testsuite> <!-- com.nykaa.testCases.TC_Fragrance -->
